k 1,0341623982063082
tao 3,324071504646686
tempo de amostragem: 20ms
theta

0.1,0.00,0.0
0.1,0.00,0.0
0.1,0.00,0.0
0.1,0.00,0.0
0.1,0.00,0.0
0.2,0.00,0.0
0.2,0.00,0.0
0.2,0.00,0.0
0.2,0.00,0.0
0.2,0.00,0.0
0.3,0.00,0.0
0.3,0.00,0.0
0.3,0.00,0.0
0.3,0.00,0.0
0.3,0.00,0.0
0.4,0.00,0.0
0.4,0.00,0.0
0.4,0.00,0.0
0.4,0.00,0.0
0.4,0.00,0.0
0.5,0.00,0.0
0.5,0.00,0.0
0.5,0.00,0.0
0.5,0.00,0.0
0.5,0.00,0.0
0.6,0.00,0.0
0.6,0.00,0.0
0.6,0.00,0.0
0.6,0.00,0.0
0.6,0.00,0.0
0.7,0.00,0.0
0.7,0.00,0.0
0.7,0.00,0.0
0.7,0.00,0.0
0.7,0.00,0.0
0.8,0.00,0.0
0.8,0.00,0.0
0.8,0.00,0.0
0.8,0.00,0.0
0.8,0.00,0.0
0.9,0.00,0.0
0.9,0.00,0.0
0.9,0.00,0.0
0.9,0.00,0.0
0.9,0.00,0.0
1.0,0.00,0.0
1.0,0.00,0.0
1.0,0.00,0.0
1.0,0.00,0.0
1.0,0.00,0.0
1.1,0.00,0.0
1.1,0.00,0.0
1.1,0.00,0.0
1.1,0.00,0.0
1.1,0.00,0.0
1.2,0.00,0.0
1.2,0.00,0.0
1.2,0.00,0.0
1.2,0.00,0.0
1.2,0.00,0.0
1.3,0.00,0.0
1.3,0.00,0.0
1.3,0.00,0.0
1.3,0.00,0.0
1.3,0.00,0.0
1.4,0.00,0.0
1.4,0.00,0.0
1.4,0.00,0.0
1.4,0.00,0.0
1.4,0.00,0.0
1.5,0.00,0.0
1.5,0.00,0.0
1.5,0.00,0.0
1.5,0.00,0.0
1.5,0.00,0.0
1.6,0.00,0.0
1.6,0.00,0.0
1.6,0.00,0.0
1.6,0.00,0.0
1.6,0.00,0.0
1.7,0.00,0.0
1.7,0.00,0.0
1.7,0.00,0.0
1.7,0.00,0.0
1.7,0.00,0.0
1.8,0.00,0.0
1.8,0.00,0.0
1.8,0.00,0.0
1.8,0.00,0.0
1.8,0.00,0.0
1.9,0.00,0.0
1.9,0.00,0.0
1.9,0.00,0.0
1.9,0.00,0.0
1.9,0.00,0.0
2.0,0.00,0.0
2.0,0.00,0.0
2.0,0.00,0.0
2.0,0.00,0.0
2.0,0.00,0.0
2.1,0.00,0.0
2.1,0.00,0.0
2.1,0.00,0.0
2.1,0.00,0.0
2.1,0.00,0.0
2.2,0.00,0.0
2.2,0.00,0.0
2.2,0.00,0.0
2.2,0.00,0.0
2.2,0.00,0.0
2.3,0.00,0.0
2.3,0.00,0.0
2.3,0.00,0.0
2.3,0.00,0.0
2.3,0.00,0.0
2.4,0.00,0.0
2.4,0.00,0.0
2.4,0.00,0.0
2.4,0.00,0.0
2.4,0.00,0.0
2.5,0.00,0.0
2.5,0.00,0.0
2.5,0.00,0.0
2.5,0.00,0.0
2.5,0.00,0.0
2.6,0.00,0.0
2.6,0.00,0.0
2.6,0.00,0.0
2.6,0.00,0.0
2.6,0.00,0.0
2.7,0.00,0.0
2.7,0.00,0.0
2.7,0.00,0.0
2.7,0.00,0.0
2.7,0.00,0.0
2.8,0.00,0.0
2.8,0.00,0.0
2.8,0.00,0.0
2.8,0.00,0.0
2.8,0.00,0.0
2.9,0.00,0.0
2.9,0.00,0.0
2.9,0.00,0.0
2.9,0.00,0.0
2.9,0.00,0.0
3.0,0.00,0.0
3.0,0.00,0.0
3.0,0.00,0.0
3.0,0.00,0.0
3.0,0.00,0.0
3.1,0.00,0.0
3.1,0.00,0.0
3.1,0.00,0.0
3.1,0.00,0.0
3.1,0.00,0.0
3.2,0.00,0.0
3.2,0.00,0.0
3.2,0.00,0.0
3.2,0.00,0.0
3.2,0.00,0.0
3.3,0.00,0.0
3.3,0.00,0.0
3.3,0.00,0.0
3.3,0.00,0.0
3.3,0.00,0.0
3.4,0.00,0.0
3.4,0.00,0.0
3.4,0.00,0.0
3.4,0.00,0.0
3.4,0.00,0.0
3.5,0.00,0.0
3.5,0.00,0.0
3.5,0.00,0.0
3.5,0.00,0.0
3.5,0.00,0.0
3.6,0.00,0.0
3.6,0.00,0.0
3.6,0.00,0.0
3.6,0.00,0.0
3.6,0.00,0.0
3.7,0.00,0.0
3.7,0.00,0.0
3.7,0.00,0.0
3.7,0.00,0.0
3.7,0.00,0.0
3.8,0.00,0.0
3.8,0.00,0.0
3.8,0.00,0.0
3.8,0.00,0.0
3.8,0.00,0.0
3.9,0.00,0.0
3.9,0.00,0.0
3.9,0.00,0.0
3.9,0.00,0.0
3.9,0.00,0.0
4.0,0.00,0.0
4.0,0.00,0.0
4.0,0.00,0.0
4.0,0.00,0.0
4.0,3.30,0.1
4.1,3.30,0.1
4.1,3.30,0.1
4.1,3.30,0.1
4.1,3.30,0.2
4.1,3.30,0.2
4.2,3.30,0.2
4.2,3.30,0.2
4.2,3.30,0.3
4.2,3.30,0.3
4.2,3.30,0.3
4.3,3.30,0.3
4.3,3.30,0.3
4.3,3.30,0.4
4.3,3.30,0.4
4.3,3.30,0.4
4.4,3.30,0.4
4.4,3.30,0.4
4.4,3.30,0.5
4.4,3.30,0.5
4.4,3.30,0.5
4.5,3.30,0.5
4.5,3.30,0.5
4.5,3.30,0.6
4.5,3.30,0.6
4.5,3.30,0.6
4.6,3.30,0.6
4.6,3.30,0.6
4.6,3.30,0.7
4.6,3.30,0.7
4.6,3.30,0.7
4.7,3.30,0.7
4.7,3.30,0.7
4.7,3.30,0.7
4.7,3.30,0.8
4.7,3.30,0.8
4.8,3.30,0.8
4.8,3.30,0.8
4.8,3.30,0.8
4.8,3.30,0.8
4.8,3.30,0.9
4.9,3.30,0.9
4.9,3.30,0.9
4.9,3.30,0.9
4.9,3.30,0.9
4.9,3.30,0.9
5.0,3.30,1.0
5.0,3.30,1.0
5.0,3.30,1.0
5.0,3.30,1.0
5.0,3.30,1.0
5.1,3.30,1.0
5.1,3.30,1.0
5.1,3.30,1.1
5.1,3.30,1.1
5.1,3.30,1.1
5.2,3.30,1.1
5.2,3.30,1.1
5.2,3.30,1.1
5.2,3.30,1.2
5.2,3.30,1.2
5.3,3.30,1.2
5.3,3.30,1.2
5.3,3.30,1.2
5.3,3.30,1.2
5.3,3.30,1.2
5.4,3.30,1.3
5.4,3.30,1.3
5.4,3.30,1.3
5.4,3.30,1.3
5.4,3.30,1.3
5.5,3.30,1.3
5.5,3.30,1.3
5.5,3.30,1.4
5.5,3.30,1.4
5.5,3.30,1.4
5.6,3.30,1.4
5.6,3.30,1.4
5.6,3.30,1.4
5.6,3.30,1.4
5.6,3.30,1.4
5.7,3.30,1.5
5.7,3.30,1.4
5.7,3.30,1.5
5.7,3.30,1.5
5.7,3.30,1.5
5.8,3.30,1.5
5.8,3.30,1.5
5.8,3.30,1.5
5.8,3.30,1.5
5.8,3.30,1.6
5.9,3.30,1.6
5.9,3.30,1.6
5.9,3.30,1.6
5.9,3.30,1.6
5.9,3.30,1.6
6.0,3.30,1.6
6.0,3.30,1.6
6.0,3.30,1.6
6.0,3.30,1.7
6.0,3.30,1.7
6.1,3.30,1.7
6.1,3.30,1.7
6.1,3.30,1.7
6.1,3.30,1.7
6.1,3.30,1.7
6.2,3.30,1.7
6.2,3.30,1.7
6.2,3.30,1.8
6.2,3.30,1.8
6.2,3.30,1.8
6.3,3.30,1.8
6.3,3.30,1.8
6.3,3.30,1.8
6.3,3.30,1.8
6.3,3.30,1.8
6.4,3.30,1.8
6.4,3.30,1.9
6.4,3.30,1.8
6.4,3.30,1.9
6.4,3.30,1.9
6.5,3.30,1.9
6.5,3.30,1.9
6.5,3.30,1.9
6.5,3.30,1.9
6.5,3.30,1.9
6.6,3.30,1.9
6.6,3.30,1.9
6.6,3.30,1.9
6.6,3.30,1.9
6.6,3.30,1.9
6.7,3.30,2.0
6.7,3.30,2.0
6.7,3.30,2.0
6.7,3.30,2.0
6.7,3.30,2.0
6.8,3.30,2.0
6.8,3.30,2.0
6.8,3.30,2.0
6.8,3.30,2.0
6.8,3.30,2.0
6.9,3.30,2.0
6.9,3.30,2.0
6.9,3.30,2.0
6.9,3.30,2.1
6.9,3.30,2.1
7.0,3.30,2.1
7.0,3.30,2.1
7.0,3.30,2.1
7.0,3.30,2.1
7.0,3.30,2.1
7.1,3.30,2.1
7.1,3.30,2.1
7.1,3.30,2.1
7.1,3.30,2.1
7.1,3.30,2.1
7.2,3.30,2.1
7.2,3.30,2.2
7.2,3.30,2.2
7.2,3.30,2.2
7.2,3.30,2.2
7.3,3.30,2.2
7.3,3.30,2.2
7.3,3.30,2.2
7.3,3.30,2.2
7.3,3.30,2.2
7.4,3.30,2.2
7.4,3.30,2.2
7.4,3.30,2.2
7.4,3.30,2.2
7.4,3.30,2.2
7.5,3.30,2.2
7.5,3.30,2.3
7.5,3.30,2.3
7.5,3.30,2.3
7.5,3.30,2.3
7.6,3.30,2.3
7.6,3.30,2.3
7.6,3.30,2.3
7.6,3.30,2.3
7.6,3.30,2.3
7.7,3.30,2.3
7.7,3.30,2.3
7.7,3.30,2.3
7.7,3.30,2.3
7.7,3.30,2.3
7.8,3.30,2.3
7.8,3.30,2.3
7.8,3.30,2.3
7.8,3.30,2.4
7.8,3.30,2.4
7.9,3.30,2.4
7.9,3.30,2.4
7.9,3.30,2.4
7.9,3.30,2.4
7.9,3.30,2.4
8.0,3.30,2.4
8.0,3.30,2.4
8.0,3.30,2.4
8.0,3.30,2.4
8.0,3.30,2.4
8.1,3.30,2.4
8.1,3.30,2.4
8.1,3.30,2.4
8.1,3.30,2.4
8.1,3.30,2.4
8.2,3.30,2.4
8.2,3.30,2.4
8.2,3.30,2.5
8.2,3.30,2.5
8.2,3.30,2.5
8.3,3.30,2.5
8.3,3.30,2.5
8.3,3.30,2.5
8.3,3.30,2.5
8.3,3.30,2.5
8.4,3.30,2.5
8.4,3.30,2.5
8.4,3.30,2.5
8.4,3.30,2.5
8.4,3.30,2.5
8.5,3.30,2.5
8.5,3.30,2.5
8.5,3.30,2.5
8.5,3.30,2.5
8.5,3.30,2.5
8.6,3.30,2.5
8.6,3.30,2.5
8.6,3.30,2.6
8.6,3.30,2.6
8.6,3.30,2.6
8.7,3.30,2.6
8.7,3.30,2.6
8.7,3.30,2.6
8.7,3.30,2.6
8.7,3.30,2.6
8.8,3.30,2.6
8.8,3.30,2.6
8.8,3.30,2.6
8.8,3.30,2.6
8.8,3.30,2.6
8.9,3.30,2.6
8.9,3.30,2.6
8.9,3.30,2.6
8.9,3.30,2.6
8.9,3.30,2.6
9.0,3.30,2.6
9.0,3.30,2.6
9.0,3.30,2.6
9.0,3.30,2.6
9.0,3.30,2.7
9.1,3.30,2.6
9.1,3.30,2.7
9.1,3.30,2.6
9.1,3.30,2.7
9.1,3.30,2.7
9.2,3.30,2.7
9.2,3.30,2.7
9.2,3.30,2.7
9.2,3.30,2.7
9.2,3.30,2.7
9.3,3.30,2.7
9.3,3.30,2.7
9.3,3.30,2.7
9.3,3.30,2.7
9.3,3.30,2.7
9.4,3.30,2.7
9.4,3.30,2.7
9.4,3.30,2.7
9.4,3.30,2.7
9.4,3.30,2.7
9.5,3.30,2.7
9.5,3.30,2.7
9.5,3.30,2.7
9.5,3.30,2.7
9.5,3.30,2.7
9.6,3.30,2.8
9.6,3.30,2.8
9.6,3.30,2.8
9.6,3.30,2.8
9.6,3.30,2.8
9.7,3.30,2.8
9.7,3.30,2.8
9.7,3.30,2.8
9.7,3.30,2.8
9.7,3.30,2.8
9.8,3.30,2.8
9.8,3.30,2.8
9.8,3.30,2.8
9.8,3.30,2.8
9.8,3.30,2.8
9.9,3.30,2.8
9.9,3.30,2.8
9.9,3.30,2.8
9.9,3.30,2.8
9.9,3.30,2.8
10.0,3.30,2.8
10.0,3.30,2.8
10.0,3.30,2.8
10.0,3.30,2.8
10.0,3.30,2.8
10.1,3.30,2.8
10.1,3.30,2.8
10.1,3.30,2.8
10.1,3.30,2.9
10.1,3.30,2.9
10.2,3.30,2.9
10.2,3.30,2.9
10.2,3.30,2.9
10.2,3.30,2.9
10.2,3.30,2.9
10.3,3.30,2.9
10.3,3.30,2.9
10.3,3.30,2.9
10.3,3.30,2.9
10.3,3.30,2.9
10.4,3.30,2.9
10.4,3.30,2.9
10.4,3.30,3.0
10.4,3.30,2.9
10.4,3.30,2.9
10.5,3.30,2.9
10.5,3.30,2.9
10.5,3.30,2.9
10.5,3.30,2.9
10.5,3.30,2.9
10.6,3.30,2.9
10.6,3.30,2.9
10.6,3.30,2.9
10.6,3.30,2.9
10.6,3.30,2.9
10.7,3.30,2.9
10.7,3.30,3.0
10.7,3.30,3.0
10.7,3.30,3.0
10.7,3.30,3.0
10.8,3.30,3.0
10.8,3.30,3.0
10.8,3.30,3.0
10.8,3.30,3.0
10.8,3.30,3.0
10.9,3.30,3.0
10.9,3.30,3.0
10.9,3.30,3.0
10.9,3.30,3.0
10.9,3.30,3.0
11.0,3.30,3.0
11.0,3.30,3.0
11.0,3.30,3.0
11.0,3.30,3.0
11.0,3.30,3.1
11.1,3.30,2.9
11.1,3.30,3.0
11.1,3.30,3.0
11.1,3.30,3.0
11.1,3.30,3.0
11.2,3.30,3.0
11.2,3.30,3.0
11.2,3.30,3.0
11.2,3.30,3.0
11.2,3.30,3.0
11.3,3.30,3.0
11.3,3.30,3.0
11.3,3.30,3.0
11.3,3.30,3.0
11.3,3.30,3.0
11.4,3.30,3.1
11.4,3.30,3.1
11.4,3.30,3.1
11.4,3.30,3.1
11.4,3.30,3.1
11.5,3.30,3.1
11.5,3.30,3.1
11.5,3.30,3.1
11.5,3.30,3.1
11.5,3.30,3.1
11.6,3.30,3.1
11.6,3.30,3.1
11.6,3.30,3.1
11.6,3.30,3.1
11.6,3.30,3.1
11.7,3.30,3.1
11.7,3.30,3.1
11.7,3.30,3.1
11.7,3.30,3.1
11.7,3.30,3.1
11.8,3.30,3.1
11.8,3.30,3.1
11.8,3.30,3.1
11.8,3.30,3.1
11.8,3.30,3.1
11.9,3.30,3.1
11.9,3.30,3.1
11.9,3.30,3.1
11.9,3.30,3.1
11.9,3.30,3.1
12.0,3.30,3.1
12.0,3.30,3.1
12.0,3.30,3.1
12.0,3.30,3.1
12.0,3.30,3.1
12.1,3.30,3.1
12.1,3.30,3.1
12.1,3.30,3.1
12.1,3.30,3.1
12.1,3.30,3.1
12.2,3.30,3.2
12.2,3.30,3.1
12.2,3.30,3.2
12.2,3.30,3.2
12.2,3.30,3.2
12.3,3.30,3.2
12.3,3.30,3.2
12.3,3.30,3.2
12.3,3.30,3.2
12.3,3.30,3.2
12.4,3.30,3.2
12.4,3.30,3.2
12.4,3.30,3.2
12.4,3.30,3.2
12.4,3.30,3.2
12.5,3.30,3.2
12.5,3.30,3.2
12.5,3.30,3.2
12.5,3.30,3.2
12.5,3.30,3.2
12.6,3.30,3.2
12.6,3.30,3.2
12.6,3.30,3.2
12.6,3.30,3.2
12.6,3.30,3.2
12.7,3.30,3.2
12.7,3.30,3.2
12.7,3.30,3.2
12.7,3.30,3.2
12.7,3.30,3.2
12.8,3.30,3.2
12.8,3.30,3.2
12.8,3.30,3.2
12.8,3.30,3.2
12.8,3.30,3.2
12.9,3.30,3.2
12.9,3.30,3.2
12.9,3.30,3.2
12.9,3.30,3.2
12.9,3.30,3.2
13.0,3.30,3.2
13.0,3.30,3.2
13.0,3.30,3.2
13.0,3.30,3.2
13.0,3.30,3.2
13.1,3.30,3.2
13.1,3.30,3.2
13.1,3.30,3.2
13.1,3.30,3.2
13.1,3.30,3.2
13.2,3.30,3.3
13.2,3.30,3.3
13.2,3.30,3.2
13.2,3.30,3.2
13.2,3.30,3.3
13.3,3.30,3.3
13.3,3.30,3.3
13.3,3.30,3.3
13.3,3.30,3.3
13.3,3.30,3.3
13.4,3.30,3.3
13.4,3.30,3.3
13.4,3.30,3.2
13.4,3.30,3.3
13.4,3.30,3.3
13.5,3.30,3.3
13.5,3.30,3.3
13.5,3.30,3.3
13.5,3.30,3.3
13.5,3.30,3.3
13.6,3.30,3.3
13.6,3.30,3.3
13.6,3.30,3.3
13.6,3.30,3.3
13.6,3.30,3.3
13.7,3.30,3.3
13.7,3.30,3.3
13.7,3.30,3.3
13.7,3.30,3.3
13.7,3.30,3.3
13.8,3.30,3.3
13.8,3.30,3.3
13.8,3.30,3.3
13.8,3.30,3.3
13.8,3.30,3.3
13.9,3.30,3.3
13.9,3.30,3.3
13.9,3.30,3.3
13.9,3.30,3.3
13.9,3.30,3.3
14.0,3.30,3.3
14.0,3.30,3.3
14.0,3.30,3.3
14.0,3.30,3.3
14.0,3.30,3.3
14.1,3.30,3.3
14.1,3.30,3.3
14.1,3.30,3.3
14.1,3.30,3.3
14.1,3.30,3.3
14.2,3.30,3.3
14.2,3.30,3.3
14.2,3.30,3.3
14.2,3.30,3.3
14.2,3.30,3.3
14.3,3.30,3.3
14.3,3.30,3.3
14.3,3.30,3.3
14.3,3.30,3.3
14.3,3.30,3.3
14.4,3.30,3.3
14.4,3.30,3.3
14.4,3.30,3.3
14.4,3.30,3.3
14.4,3.30,3.3
14.5,3.30,3.3
14.5,3.30,3.3
14.5,3.30,3.3
14.5,3.30,3.3
14.5,3.30,3.3
14.6,3.30,3.3
14.6,3.30,3.3
14.6,3.30,3.3
14.6,3.30,3.3
14.6,3.30,3.3
14.7,3.30,3.3
14.7,3.30,3.3
14.7,3.30,3.3
14.7,3.30,3.3
14.7,3.30,3.3
14.8,3.30,3.3
14.8,3.30,3.3
14.8,3.30,3.3
14.8,3.30,3.3
14.8,3.30,3.3
14.9,3.30,3.3
14.9,3.30,3.3
14.9,3.30,3.3
14.9,3.30,3.3
14.9,3.30,3.3
15.0,3.30,3.3
15.0,3.30,3.3
15.0,3.30,3.3
15.0,3.30,3.3
15.0,3.30,3.3
15.1,3.30,3.3
15.1,3.30,3.3
15.1,3.30,3.3
15.1,3.30,3.3
15.1,3.30,3.3
15.2,3.30,3.3
15.2,3.30,3.3
15.2,3.30,3.3
15.2,3.30,3.3
15.2,3.30,3.3
15.3,3.30,3.3
15.3,3.30,3.3
15.3,3.30,3.3
15.3,3.30,3.3
15.3,3.30,3.3
15.4,3.30,3.3
15.4,3.30,3.3
15.4,3.30,3.3
15.4,3.30,3.3
15.4,3.30,3.3
15.5,3.30,3.3
15.5,3.30,3.3
15.5,3.30,3.3
15.5,3.30,3.3
15.5,3.30,3.3
15.6,3.30,3.3
15.6,3.30,3.3
15.6,3.30,3.3
15.6,3.30,3.3
15.6,3.30,3.3
15.7,3.30,3.3
15.7,3.30,3.3
15.7,3.30,3.3
15.7,3.30,3.3
15.7,3.30,3.3
15.8,3.30,3.3
15.8,3.30,3.3
15.8,3.30,3.3
15.8,3.30,3.3
15.8,3.30,3.3
15.9,3.30,3.3
15.9,3.30,3.3
15.9,3.30,3.3
15.9,3.30,3.3
15.9,3.30,3.3
16.0,3.30,3.3
16.0,3.30,3.3
16.0,3.30,3.3
16.0,3.30,3.3
16.0,3.30,3.3
16.1,3.30,3.3
16.1,3.30,3.3
16.1,3.30,3.3
16.1,3.30,3.3
16.1,3.30,3.3
16.2,3.30,3.3
16.2,3.30,3.3
16.2,3.30,3.3
16.2,3.30,3.3
16.2,3.30,3.3
16.3,3.30,3.3
16.3,3.30,3.3
16.3,3.30,3.3
16.3,3.30,3.3
16.3,3.30,3.3
16.4,3.30,3.3
16.4,3.30,3.3
